26 Jan 2025 at 14:06
Running python-day-to-day-code/tasks/lcm using math module.py
The LCM of 12 and 18 is 36
Running python-day-to-day-code/tasks/lcm.py
The LCM of 12 and 18 is 36
Running python-day-to-day-code/tasks/merge alternately.py
apbqcr
apbqrs
apbqcd
26 Jan 2025 at 14:20
Running python-day-to-day-code/tasks/lcm using math module.py
The LCM of 12 and 18 is 36
Running python-day-to-day-code/tasks/lcm.py
The LCM of 12 and 18 is 36
Running python-day-to-day-code/tasks/merge alternately.py
apbqcr
apbqrs
apbqcd
26 Jan 2025 at 16:56
Running python-day-to-day-code/tasks/lcm using math module.py
The LCM of 12 and 18 is 36
Running python-day-to-day-code/tasks/lcm.py
The LCM of 12 and 18 is 36
Running python-day-to-day-code/tasks/merge alternately.py
apbqcr
apbqrs
apbqcd
27 Jan 2025 at 18:10
Running python-day-to-day-code/tasks/lcm using math module.py
The LCM of 12 and 18 is 36
Running python-day-to-day-code/tasks/lcm.py
The LCM of 12 and 18 is 36
Running python-day-to-day-code/tasks/merge alternately.py
apbqcr
apbqrs
apbqcd
30 Jan 2025 at 19:34
Running python-day-to-day-code/tasks/lcm using math module.py
The LCM of 12 and 18 is 36
Running python-day-to-day-code/tasks/lcm.py
The LCM of 12 and 18 is 36
Running python-day-to-day-code/tasks/merge alternately.py
apbqcr
apbqrs
apbqcd
31 Jan 2025 at 07:59
Running python-day-to-day-code/tasks/lcm using math module.py
The LCM of 12 and 18 is 36
Running python-day-to-day-code/tasks/lcm.py
The LCM of 12 and 18 is 36
Running python-day-to-day-code/tasks/merge alternately.py
apbqcr
apbqrs
apbqcd
01 Feb 2025 at 07:21
Running python-day-to-day-code/tasks/lcm using math module.py
The LCM of 12 and 18 is 36
Running python-day-to-day-code/tasks/lcm.py
The LCM of 12 and 18 is 36
Running python-day-to-day-code/tasks/merge alternately.py
apbqcr
apbqrs
apbqcd
