Terraform Validation started at 30 Mar 2025 06:09:12
[32m[1mSuccess![0m The configuration is valid.
[0m
Validation completed at 30 Mar 2025 06:09:12
30 Mar 2025 at 06:12
Terraform Validation started at 30 Mar 2025 06:12:32
[32m[1mSuccess![0m The configuration is valid.
[0m
Validation completed at 30 Mar 2025 06:12:35
31 Mar 2025 at 12:56
Terraform Validation started at 31 Mar 2025 12:56:30
[32m[1mSuccess![0m The configuration is valid.
[0m
Validation completed at 31 Mar 2025 12:56:30
31 Mar 2025 at 12:56
Terraform Validation started at 31 Mar 2025 12:56:50
[32m[1mSuccess![0m The configuration is valid.
[0m
Validation completed at 31 Mar 2025 12:56:50
01 Apr 2025 at 11:13
Terraform Validation started at 01 Apr 2025 11:13:01
[32m[1mSuccess![0m The configuration is valid.
[0m
Validation completed at 01 Apr 2025 11:13:01
